<?xml version="1.0" encoding="UTF-8"?>
<testng-results ignored="0" total="3" passed="0" failed="3" skipped="0">
  <reporter-output>
  </reporter-output>
  <suite started-at="2023-12-09T18:37:52 CET" name="Default suite" finished-at="2023-12-09T18:38:04 CET" duration-ms="12103">
    <groups>
      <group name="cucumber">
        <method signature="AbstractTestNGCucumberTests.runScenario(io.cucumber.testng.PickleWrapper,io.cucumber.testng.FeatureWrapper)[pri:0, instance:porDefecto.changeProductsTest@2034b64c]" name="runScenario" class="io.cucumber.testng.AbstractTestNGCucumberTests"/>
      </group> <!-- cucumber -->
    </groups>
    <test started-at="2023-12-09T18:37:52 CET" name="Default test" finished-at="2023-12-09T18:38:04 CET" duration-ms="12103">
      <class name="porDefecto.changeProductsTest">
        <test-method is-config="true" signature="setUpClass(org.testng.ITestContext)[pri:0, instance:porDefecto.changeProductsTest@2034b64c]" started-at="2023-12-09T18:37:52 CET" name="setUpClass" finished-at="2023-12-09T18:37:52 CET" duration-ms="138" status="PASS">
          <params>
            <param index="0">
              <value>
                <![CDATA[org.testng.TestRunner@71f0b72e]]>
              </value>
            </param>
          </params>
          <reporter-output>
          </reporter-output>
        </test-method> <!-- setUpClass -->
        <test-method signature="runScenario(io.cucumber.testng.PickleWrapper,io.cucumber.testng.FeatureWrapper)[pri:0, instance:porDefecto.changeProductsTest@2034b64c]" started-at="2023-12-09T18:37:52 CET" name="runScenario" description="Runs Cucumber Scenarios" data-provider="scenarios" finished-at="2023-12-09T18:37:58 CET" duration-ms="6046" status="FAIL">
          <params>
            <param index="0">
              <value>
                <![CDATA["Filter Language Card"]]>
              </value>
            </param>
            <param index="1">
              <value>
                <![CDATA["FilterLanguage"]]>
              </value>
            </param>
          </params>
          <exception class="org.openqa.selenium.NoSuchElementException">
            <message>
              <![CDATA[no such element: Unable to locate element: {"method":"css selector","selector":"*[name='language[1]']"}
  (Session info: chrome=120.0.6099.71)
For documentation on this error, please visit: https://www.selenium.dev/documentation/webdriver/troubleshooting/errors#no-such-element-exception
Build info: version: '4.15.0', revision: '1d14b5521b'
System info: os.name: 'Windows 11', os.arch: 'amd64', os.version: '10.0', java.version: '17.0.9'
Driver info: org.openqa.selenium.chrome.ChromeDriver
Command: [4f62df691c51d18e2f934517a3cd2754, findElement {using=name, value=language[1]}]
Capabilities {acceptInsecureCerts: false, browserName: chrome, browserVersion: 120.0.6099.71, chrome: {chromedriverVersion: 120.0.6099.71 (9729082fe617..., userDataDir: C:\Users\oriol\AppData\Loca...}, fedcm:accounts: true, goog:chromeOptions: {debuggerAddress: localhost:58600}, networkConnectionEnabled: false, pageLoadStrategy: normal, platformName: windows, proxy: Proxy(), se:cdp: ws://localhost:58600/devtoo..., se:cdpVersion: 120.0.6099.71, setWindowRect: true, strictFileInteractability: false, timeouts: {implicit: 0, pageLoad: 300000, script: 30000}, unhandledPromptBehavior: dismiss and notify, webauthn:extension:credBlob: true, webauthn:extension:largeBlob: true, webauthn:extension:minPinLength: true, webauthn:extension:prf: true, webauthn:virtualAuthenticators: true}
Session ID: 4f62df691c51d18e2f934517a3cd2754]]>
            </message>
            <full-stacktrace>
              <![CDATA[org.openqa.selenium.NoSuchElementException: no such element: Unable to locate element: {"method":"css selector","selector":"*[name='language[1]']"}
  (Session info: chrome=120.0.6099.71)
For documentation on this error, please visit: https://www.selenium.dev/documentation/webdriver/troubleshooting/errors#no-such-element-exception
Build info: version: '4.15.0', revision: '1d14b5521b'
System info: os.name: 'Windows 11', os.arch: 'amd64', os.version: '10.0', java.version: '17.0.9'
Driver info: org.openqa.selenium.chrome.ChromeDriver
Command: [4f62df691c51d18e2f934517a3cd2754, findElement {using=name, value=language[1]}]
Capabilities {acceptInsecureCerts: false, browserName: chrome, browserVersion: 120.0.6099.71, chrome: {chromedriverVersion: 120.0.6099.71 (9729082fe617..., userDataDir: C:\Users\oriol\AppData\Loca...}, fedcm:accounts: true, goog:chromeOptions: {debuggerAddress: localhost:58600}, networkConnectionEnabled: false, pageLoadStrategy: normal, platformName: windows, proxy: Proxy(), se:cdp: ws://localhost:58600/devtoo..., se:cdpVersion: 120.0.6099.71, setWindowRect: true, strictFileInteractability: false, timeouts: {implicit: 0, pageLoad: 300000, script: 30000}, unhandledPromptBehavior: dismiss and notify, webauthn:extension:credBlob: true, webauthn:extension:largeBlob: true, webauthn:extension:minPinLength: true, webauthn:extension:prf: true, webauthn:virtualAuthenticators: true}
Session ID: 4f62df691c51d18e2f934517a3cd2754
at java.base/jdk.internal.reflect.NativeConstructorAccessorImpl.newInstance0(Native Method)
at java.base/jdk.internal.reflect.NativeConstructorAccessorImpl.newInstance(NativeConstructorAccessorImpl.java:77)
at java.base/jdk.internal.reflect.DelegatingConstructorAccessorImpl.newInstance(DelegatingConstructorAccessorImpl.java:45)
at java.base/java.lang.reflect.Constructor.newInstanceWithCaller(Constructor.java:499)
at java.base/java.lang.reflect.Constructor.newInstance(Constructor.java:480)
at org.openqa.selenium.remote.codec.w3c.W3CHttpResponseCodec.createException(W3CHttpResponseCodec.java:200)
at org.openqa.selenium.remote.codec.w3c.W3CHttpResponseCodec.decode(W3CHttpResponseCodec.java:133)
at org.openqa.selenium.remote.codec.w3c.W3CHttpResponseCodec.decode(W3CHttpResponseCodec.java:52)
at org.openqa.selenium.remote.HttpCommandExecutor.execute(HttpCommandExecutor.java:191)
at org.openqa.selenium.remote.service.DriverCommandExecutor.invokeExecute(DriverCommandExecutor.java:200)
at org.openqa.selenium.remote.service.DriverCommandExecutor.execute(DriverCommandExecutor.java:175)
at org.openqa.selenium.remote.RemoteWebDriver.execute(RemoteWebDriver.java:607)
at org.openqa.selenium.remote.ElementLocation$ElementFinder$2.findElement(ElementLocation.java:165)
at org.openqa.selenium.remote.ElementLocation.findElement(ElementLocation.java:59)
at org.openqa.selenium.remote.RemoteWebDriver.findElement(RemoteWebDriver.java:364)
at org.openqa.selenium.remote.RemoteWebDriver.findElement(RemoteWebDriver.java:358)
at steps.CardMarketSteps.CardLanguageChecked(CardMarketSteps.java:196)
at ✽.the language[1] appears checked(file:///C:/Users/oriol/Desktop/UNI/TQS/TQS-Web-Test/src/test/java/features/LanguageFilter.feature:10)
]]>
            </full-stacktrace>
          </exception> <!-- org.openqa.selenium.NoSuchElementException -->
          <reporter-output>
          </reporter-output>
        </test-method> <!-- runScenario -->
        <test-method signature="runScenario(io.cucumber.testng.PickleWrapper,io.cucumber.testng.FeatureWrapper)[pri:0, instance:porDefecto.changeProductsTest@2034b64c]" started-at="2023-12-09T18:37:58 CET" name="runScenario" description="Runs Cucumber Scenarios" data-provider="scenarios" finished-at="2023-12-09T18:38:01 CET" duration-ms="3339" status="FAIL">
          <params>
            <param index="0">
              <value>
                <![CDATA["Filter Language Card"]]>
              </value>
            </param>
            <param index="1">
              <value>
                <![CDATA["FilterLanguage"]]>
              </value>
            </param>
          </params>
          <exception class="org.openqa.selenium.NoSuchElementException">
            <message>
              <![CDATA[no such element: Unable to locate element: {"method":"css selector","selector":".fonticon\-filter"}
  (Session info: chrome=120.0.6099.71)
For documentation on this error, please visit: https://www.selenium.dev/documentation/webdriver/troubleshooting/errors#no-such-element-exception
Build info: version: '4.15.0', revision: '1d14b5521b'
System info: os.name: 'Windows 11', os.arch: 'amd64', os.version: '10.0', java.version: '17.0.9'
Driver info: org.openqa.selenium.chrome.ChromeDriver
Command: [86597c5aaff4f5f7c44a5750b5c653df, findElement {using=class name, value=fonticon-filter}]
Capabilities {acceptInsecureCerts: false, browserName: chrome, browserVersion: 120.0.6099.71, chrome: {chromedriverVersion: 120.0.6099.71 (9729082fe617..., userDataDir: C:\Users\oriol\AppData\Loca...}, fedcm:accounts: true, goog:chromeOptions: {debuggerAddress: localhost:58643}, networkConnectionEnabled: false, pageLoadStrategy: normal, platformName: windows, proxy: Proxy(), se:cdp: ws://localhost:58643/devtoo..., se:cdpVersion: 120.0.6099.71, setWindowRect: true, strictFileInteractability: false, timeouts: {implicit: 0, pageLoad: 300000, script: 30000}, unhandledPromptBehavior: dismiss and notify, webauthn:extension:credBlob: true, webauthn:extension:largeBlob: true, webauthn:extension:minPinLength: true, webauthn:extension:prf: true, webauthn:virtualAuthenticators: true}
Session ID: 86597c5aaff4f5f7c44a5750b5c653df]]>
            </message>
            <full-stacktrace>
              <![CDATA[org.openqa.selenium.NoSuchElementException: no such element: Unable to locate element: {"method":"css selector","selector":".fonticon\-filter"}
  (Session info: chrome=120.0.6099.71)
For documentation on this error, please visit: https://www.selenium.dev/documentation/webdriver/troubleshooting/errors#no-such-element-exception
Build info: version: '4.15.0', revision: '1d14b5521b'
System info: os.name: 'Windows 11', os.arch: 'amd64', os.version: '10.0', java.version: '17.0.9'
Driver info: org.openqa.selenium.chrome.ChromeDriver
Command: [86597c5aaff4f5f7c44a5750b5c653df, findElement {using=class name, value=fonticon-filter}]
Capabilities {acceptInsecureCerts: false, browserName: chrome, browserVersion: 120.0.6099.71, chrome: {chromedriverVersion: 120.0.6099.71 (9729082fe617..., userDataDir: C:\Users\oriol\AppData\Loca...}, fedcm:accounts: true, goog:chromeOptions: {debuggerAddress: localhost:58643}, networkConnectionEnabled: false, pageLoadStrategy: normal, platformName: windows, proxy: Proxy(), se:cdp: ws://localhost:58643/devtoo..., se:cdpVersion: 120.0.6099.71, setWindowRect: true, strictFileInteractability: false, timeouts: {implicit: 0, pageLoad: 300000, script: 30000}, unhandledPromptBehavior: dismiss and notify, webauthn:extension:credBlob: true, webauthn:extension:largeBlob: true, webauthn:extension:minPinLength: true, webauthn:extension:prf: true, webauthn:virtualAuthenticators: true}
Session ID: 86597c5aaff4f5f7c44a5750b5c653df
at java.base/jdk.internal.reflect.NativeConstructorAccessorImpl.newInstance0(Native Method)
at java.base/jdk.internal.reflect.NativeConstructorAccessorImpl.newInstance(NativeConstructorAccessorImpl.java:77)
at java.base/jdk.internal.reflect.DelegatingConstructorAccessorImpl.newInstance(DelegatingConstructorAccessorImpl.java:45)
at java.base/java.lang.reflect.Constructor.newInstanceWithCaller(Constructor.java:499)
at java.base/java.lang.reflect.Constructor.newInstance(Constructor.java:480)
at org.openqa.selenium.remote.codec.w3c.W3CHttpResponseCodec.createException(W3CHttpResponseCodec.java:200)
at org.openqa.selenium.remote.codec.w3c.W3CHttpResponseCodec.decode(W3CHttpResponseCodec.java:133)
at org.openqa.selenium.remote.codec.w3c.W3CHttpResponseCodec.decode(W3CHttpResponseCodec.java:52)
at org.openqa.selenium.remote.HttpCommandExecutor.execute(HttpCommandExecutor.java:191)
at org.openqa.selenium.remote.service.DriverCommandExecutor.invokeExecute(DriverCommandExecutor.java:200)
at org.openqa.selenium.remote.service.DriverCommandExecutor.execute(DriverCommandExecutor.java:175)
at org.openqa.selenium.remote.RemoteWebDriver.execute(RemoteWebDriver.java:607)
at org.openqa.selenium.remote.ElementLocation$ElementFinder$2.findElement(ElementLocation.java:165)
at org.openqa.selenium.remote.ElementLocation.findElement(ElementLocation.java:66)
at org.openqa.selenium.remote.RemoteWebDriver.findElement(RemoteWebDriver.java:364)
at org.openqa.selenium.remote.RemoteWebDriver.findElement(RemoteWebDriver.java:358)
at steps.CardMarketSteps.UserClicksSidebarFilter(CardMarketSteps.java:165)
at ✽.the user clicks sidebarFilter(file:///C:/Users/oriol/Desktop/UNI/TQS/TQS-Web-Test/src/test/java/features/LanguageFilter.feature:6)
]]>
            </full-stacktrace>
          </exception> <!-- org.openqa.selenium.NoSuchElementException -->
          <reporter-output>
          </reporter-output>
        </test-method> <!-- runScenario -->
        <test-method signature="runScenario(io.cucumber.testng.PickleWrapper,io.cucumber.testng.FeatureWrapper)[pri:0, instance:porDefecto.changeProductsTest@2034b64c]" started-at="2023-12-09T18:38:01 CET" name="runScenario" description="Runs Cucumber Scenarios" data-provider="scenarios" finished-at="2023-12-09T18:38:04 CET" duration-ms="2545" status="FAIL">
          <params>
            <param index="0">
              <value>
                <![CDATA["Filter Language Card"]]>
              </value>
            </param>
            <param index="1">
              <value>
                <![CDATA["FilterLanguage"]]>
              </value>
            </param>
          </params>
          <exception class="org.openqa.selenium.NoSuchElementException">
            <message>
              <![CDATA[no such element: Unable to locate element: {"method":"css selector","selector":".fonticon\-filter"}
  (Session info: chrome=120.0.6099.71)
For documentation on this error, please visit: https://www.selenium.dev/documentation/webdriver/troubleshooting/errors#no-such-element-exception
Build info: version: '4.15.0', revision: '1d14b5521b'
System info: os.name: 'Windows 11', os.arch: 'amd64', os.version: '10.0', java.version: '17.0.9'
Driver info: org.openqa.selenium.chrome.ChromeDriver
Command: [9a33eac6a0b088ad60641377bd44cab4, findElement {using=class name, value=fonticon-filter}]
Capabilities {acceptInsecureCerts: false, browserName: chrome, browserVersion: 120.0.6099.71, chrome: {chromedriverVersion: 120.0.6099.71 (9729082fe617..., userDataDir: C:\Users\oriol\AppData\Loca...}, fedcm:accounts: true, goog:chromeOptions: {debuggerAddress: localhost:58689}, networkConnectionEnabled: false, pageLoadStrategy: normal, platformName: windows, proxy: Proxy(), se:cdp: ws://localhost:58689/devtoo..., se:cdpVersion: 120.0.6099.71, setWindowRect: true, strictFileInteractability: false, timeouts: {implicit: 0, pageLoad: 300000, script: 30000}, unhandledPromptBehavior: dismiss and notify, webauthn:extension:credBlob: true, webauthn:extension:largeBlob: true, webauthn:extension:minPinLength: true, webauthn:extension:prf: true, webauthn:virtualAuthenticators: true}
Session ID: 9a33eac6a0b088ad60641377bd44cab4]]>
            </message>
            <full-stacktrace>
              <![CDATA[org.openqa.selenium.NoSuchElementException: no such element: Unable to locate element: {"method":"css selector","selector":".fonticon\-filter"}
  (Session info: chrome=120.0.6099.71)
For documentation on this error, please visit: https://www.selenium.dev/documentation/webdriver/troubleshooting/errors#no-such-element-exception
Build info: version: '4.15.0', revision: '1d14b5521b'
System info: os.name: 'Windows 11', os.arch: 'amd64', os.version: '10.0', java.version: '17.0.9'
Driver info: org.openqa.selenium.chrome.ChromeDriver
Command: [9a33eac6a0b088ad60641377bd44cab4, findElement {using=class name, value=fonticon-filter}]
Capabilities {acceptInsecureCerts: false, browserName: chrome, browserVersion: 120.0.6099.71, chrome: {chromedriverVersion: 120.0.6099.71 (9729082fe617..., userDataDir: C:\Users\oriol\AppData\Loca...}, fedcm:accounts: true, goog:chromeOptions: {debuggerAddress: localhost:58689}, networkConnectionEnabled: false, pageLoadStrategy: normal, platformName: windows, proxy: Proxy(), se:cdp: ws://localhost:58689/devtoo..., se:cdpVersion: 120.0.6099.71, setWindowRect: true, strictFileInteractability: false, timeouts: {implicit: 0, pageLoad: 300000, script: 30000}, unhandledPromptBehavior: dismiss and notify, webauthn:extension:credBlob: true, webauthn:extension:largeBlob: true, webauthn:extension:minPinLength: true, webauthn:extension:prf: true, webauthn:virtualAuthenticators: true}
Session ID: 9a33eac6a0b088ad60641377bd44cab4
at java.base/jdk.internal.reflect.NativeConstructorAccessorImpl.newInstance0(Native Method)
at java.base/jdk.internal.reflect.NativeConstructorAccessorImpl.newInstance(NativeConstructorAccessorImpl.java:77)
at java.base/jdk.internal.reflect.DelegatingConstructorAccessorImpl.newInstance(DelegatingConstructorAccessorImpl.java:45)
at java.base/java.lang.reflect.Constructor.newInstanceWithCaller(Constructor.java:499)
at java.base/java.lang.reflect.Constructor.newInstance(Constructor.java:480)
at org.openqa.selenium.remote.codec.w3c.W3CHttpResponseCodec.createException(W3CHttpResponseCodec.java:200)
at org.openqa.selenium.remote.codec.w3c.W3CHttpResponseCodec.decode(W3CHttpResponseCodec.java:133)
at org.openqa.selenium.remote.codec.w3c.W3CHttpResponseCodec.decode(W3CHttpResponseCodec.java:52)
at org.openqa.selenium.remote.HttpCommandExecutor.execute(HttpCommandExecutor.java:191)
at org.openqa.selenium.remote.service.DriverCommandExecutor.invokeExecute(DriverCommandExecutor.java:200)
at org.openqa.selenium.remote.service.DriverCommandExecutor.execute(DriverCommandExecutor.java:175)
at org.openqa.selenium.remote.RemoteWebDriver.execute(RemoteWebDriver.java:607)
at org.openqa.selenium.remote.ElementLocation$ElementFinder$2.findElement(ElementLocation.java:165)
at org.openqa.selenium.remote.ElementLocation.findElement(ElementLocation.java:66)
at org.openqa.selenium.remote.RemoteWebDriver.findElement(RemoteWebDriver.java:364)
at org.openqa.selenium.remote.RemoteWebDriver.findElement(RemoteWebDriver.java:358)
at steps.CardMarketSteps.UserClicksSidebarFilter(CardMarketSteps.java:165)
at ✽.the user clicks sidebarFilter(file:///C:/Users/oriol/Desktop/UNI/TQS/TQS-Web-Test/src/test/java/features/LanguageFilter.feature:6)
]]>
            </full-stacktrace>
          </exception> <!-- org.openqa.selenium.NoSuchElementException -->
          <reporter-output>
          </reporter-output>
        </test-method> <!-- runScenario -->
        <test-method is-config="true" signature="tearDownClass()[pri:0, instance:porDefecto.changeProductsTest@2034b64c]" started-at="2023-12-09T18:38:04 CET" name="tearDownClass" finished-at="2023-12-09T18:38:04 CET" duration-ms="1" status="PASS">
          <reporter-output>
          </reporter-output>
        </test-method> <!-- tearDownClass -->
      </class> <!-- porDefecto.changeProductsTest -->
    </test> <!-- Default test -->
  </suite> <!-- Default suite -->
</testng-results>
